<?xml version="1.0" encoding="UTF-8"?>
<!-- Generated by org.testng.reporters.JUnitXMLReporter -->
<testsuite hostname="LAPTOP-7H29QR0O" failures="0" tests="4" name="Default test" time="146.833" errors="0" timestamp="18 Jun 2021 04:35:57 GMT">
  <testcase classname="com.qait.test.basicTest" name="selectTitleOption" time="2.81"/>
  <testcase classname="com.qait.test.basicTest" name="searchMovieByName" time="42.062"/>
  <testcase classname="com.qait.test.basicTest" name="getCastOfMovie" time="17.428"/>
  <testcase classname="com.qait.test.basicTest" name="getMoviePlot" time="8.82"/>
</testsuite> <!-- Default test -->
