<?xml version="1.0" encoding="UTF-8"?>
<testng-results total="4" passed="4" failed="0" skipped="0">
  <reporter-output>
  </reporter-output>
  <suite started-at="2021-06-18T04:33:30Z" name="Default suite" finished-at="2021-06-18T04:35:56Z" duration-ms="146833">
    <groups>
    </groups>
    <test started-at="2021-06-18T04:33:30Z" name="Default test" finished-at="2021-06-18T04:35:56Z" duration-ms="146833">
      <class name="com.qait.test.basicTest">
        <test-method is-config="true" signature="launchMyAppliction()[pri:0, instance:com.qait.test.basicTest@8458f04]" started-at="2021-06-18T10:03:30Z" name="launchMyAppliction" finished-at="2021-06-18T10:04:45Z" duration-ms="75648" status="PASS">
          <reporter-output>
          </reporter-output>
        </test-method> <!-- launchMyAppliction -->
        <test-method signature="selectTitleOption()[pri:1, instance:com.qait.test.basicTest@8458f04]" started-at="2021-06-18T10:04:45Z" name="selectTitleOption" finished-at="2021-06-18T10:04:48Z" duration-ms="2810" status="PASS">
          <reporter-output>
          </reporter-output>
        </test-method> <!-- selectTitleOption -->
        <test-method signature="searchMovieByName()[pri:2, instance:com.qait.test.basicTest@8458f04]" started-at="2021-06-18T10:04:48Z" name="searchMovieByName" finished-at="2021-06-18T10:05:30Z" duration-ms="42062" status="PASS">
          <reporter-output>
          </reporter-output>
        </test-method> <!-- searchMovieByName -->
        <test-method signature="getCastOfMovie()[pri:3, instance:com.qait.test.basicTest@8458f04]" started-at="2021-06-18T10:05:30Z" name="getCastOfMovie" finished-at="2021-06-18T10:05:48Z" duration-ms="17428" status="PASS">
          <reporter-output>
          </reporter-output>
        </test-method> <!-- getCastOfMovie -->
        <test-method signature="getMoviePlot()[pri:4, instance:com.qait.test.basicTest@8458f04]" started-at="2021-06-18T10:05:48Z" name="getMoviePlot" finished-at="2021-06-18T10:05:56Z" duration-ms="8820" status="PASS">
          <reporter-output>
          </reporter-output>
        </test-method> <!-- getMoviePlot -->
      </class> <!-- com.qait.test.basicTest -->
    </test> <!-- Default test -->
  </suite> <!-- Default suite -->
</testng-results>
